00:00:02.234100 VirtualBox GUI VM Selector Window 7.0.4 r154605 linux.amd64 (Nov 18 2022 12:54:46) release log
00:00:02.234103 Log opened 2023-01-06T23:28:51.933623000Z
00:00:02.234103 Build Type: release
00:00:02.234106 OS Product: Linux
00:00:02.234108 OS Release: 6.1.1-arch1-1
00:00:02.234109 OS Version: #1 SMP PREEMPT_DYNAMIC Wed, 21 Dec 2022 22:27:55 +0000
00:00:02.234141 DMI Product Name: 2429BT7
00:00:02.234158 DMI Product Version: ThinkPad T530
00:00:02.234165 Firmware type: UEFI
00:00:02.234181 Secure Boot: Disabled
00:00:02.234229 Host RAM: 15845MB (15.4GB) total, 11760MB (11.4GB) available
00:00:02.234232 Executable: /usr/lib/virtualbox/VirtualBox
00:00:02.234233 Process ID: 59608
00:00:02.234233 Package type: LINUX_64BITS_GENERIC (OSE)
00:00:02.234272 Qt version: 5.15.7
00:00:02.257354 GUI: UIMediumEnumerator: Initial medium-enumeration finished!
00:00:02.345353 GUI: UIMediumEnumerator: Medium-enumeration started...
00:00:02.345383 GUI: UIMediumEnumerator: Medium-enumeration finished!
00:00:04.608690 GUI: UIDesktopWidgetWatchdog::sltHandleHostScreenAvailableGeometryCalculated: Screen 1 work area is actually resized to: 1280x0 x 640x1057
00:00:04.608767 GUI: UIDesktopWidgetWatchdog::sltHandleHostScreenAvailableGeometryCalculated: Screen 0 work area is actually resized to: 640x0 x 640x1057
